#
# A fatal error has been detected by the Java Runtime Environment:
#
#  SIGBUS (0xa) at pc=0x000000010875eeb9, pid=2960, tid=6147
#
# JRE version: Java(TM) SE Runtime Environment (8.0_45-b14) (build 1.8.0_45-b14)
# Java VM: Java HotSpot(TM) 64-Bit Server VM (25.45-b02 mixed mode bsd-amd64 compressed oops)
# Problematic frame:
# C  [libzip.dylib+0x2eb9]  newEntry+0x154
#
# Failed to write core dump. Core dumps have been disabled. To enable core dumping, try "ulimit -c unlimited" before starting Java again
#
# If you would like to submit a bug report, please visit:
#   http://bugreport.java.com/bugreport/crash.jsp
# The crash happened outside the Java Virtual Machine in native code.
# See problematic frame for where to report the bug.
#

---------------  T H R E A D  ---------------

Current thread (0x00007fb59d814800):  JavaThread "main" [_thread_in_native, id=6147, stack(0x000070000408f000,0x000070000418f000)]

siginfo: si_signo: 10 (SIGBUS), si_code: 2 (BUS_ADRERR), si_addr: 0x00000001124c836b

Registers:
RAX=0x00007fb59fa236f0, RBX=0x00000001124c835f, RCX=0x0000000000000001, RDX=0x0000000000040000
RSP=0x000070000418a7c0, RBP=0x000070000418a820, RSI=0x00000000fffc3fff, RDI=0x00000000000004bd
R8 =0x0000000059f84bd2, R9 =0x0000000000000004, R10=0x00000000fffc0000, R11=0x00007fb59f800000
R12=0x00007fb59ecb2200, R13=0x0000000000000570, R14=0x0000000044060007, R15=0x00007fb59fb043c0
RIP=0x000000010875eeb9, EFLAGS=0x0000000000010206, ERR=0x0000000000000004
  TRAPNO=0x000000000000000e

Top of Stack: (sp=0x000070000418a7c0)
0x000070000418a7c0:   0000000000000000 000000000edd93a8
0x000070000418a7d0:   0000000114c14c20 000070000418a8e0
0x000070000418a7e0:   000070000418a800 00007fb59fa236f0
0x000070000418a7f0:   00007fb59f84bcd0 00007fb59fa236f0
0x000070000418a800:   00007fb59ecb2200 0000000000000570
0x000070000418a810:   0000000044060007 00007fb59fb043c0
0x000070000418a820:   000070000418a880 000000010875f554
0x000070000418a830:   000070000418a8c8 000070000418a8c7
0x000070000418a840:   0000002800000000 0000002901814800
0x000070000418a850:   000070000418a89e 000070000418ace8
0x000070000418a860:   0000000000000029 000070000418a89e
0x000070000418a870:   00007fb59fa236f0 00007fb59d8149f8
0x000070000418a880:   000070000418acd0 000000010875e34f
0x000070000418a890:   000000010ee49a28 726f700000000001
0x000070000418a8a0:   676e697270732f67 726f77656d617266
0x000070000418a8b0:   432f6c6974752f6b 6c6974557373616c
0x000070000418a8c0:   007373616c632e73 00007fb59d510a00
0x000070000418a8d0:   00007fb59d510ea8 00000000000003d8
0x000070000418a8e0:   00000001098068d0 000000010f5db490
0x000070000418a8f0:   0000000000000000 000000000000ffff
0x000070000418a900:   0000000000000000 000000000000ffff
0x000070000418a910:   000000010edd93a8 00007fb59d814800
0x000070000418a920:   000000010edd93a8 00007fb59d814800
0x000070000418a930:   000000010edd93a8 00007fb59d814800
0x000070000418a940:   000000010edd93a8 000000010edd93a8
0x000070000418a950:   000000010edd93a8 00007fb59d51e770
0x000070000418a960:   00007fb59d814800 000070000418aa50
0x000070000418a970:   00007fb59f83a148 00007fb59f83a140
0x000070000418a980:   000070000418ab10 0000000109306ec1
0x000070000418a990:   00007fb59d814800 0000000000000000
0x000070000418a9a0:   00000000e81c867b 00000000d0a2162c
0x000070000418a9b0:   000070000418a9f0 00007fff7af91342 

Instructions: (pc=0x000000010875eeb9)
0x000000010875ee99:   49 8b 7f 38 e8 50 1b 00 00 4d 89 77 38 49 89 5f
0x000000010875eea9:   40 4c 89 f0 48 85 c0 0f 84 11 05 00 00 48 89 c3
0x000000010875eeb9:   0f b6 43 0c 0f b6 4b 0d 48 c1 e1 08 48 01 c1 0f
0x000000010875eec9:   b6 43 0e 0f b6 53 0f 48 c1 e2 08 48 01 c2 48 c1 

Register to memory mapping:

RAX=0x00007fb59fa236f0 is an unknown value
RBX=0x00000001124c835f is an unknown value
RCX=0x0000000000000001 is an unknown value
RDX=0x0000000000040000 is an unknown value
RSP=0x000070000418a7c0 is pointing into the stack for thread: 0x00007fb59d814800
RBP=0x000070000418a820 is pointing into the stack for thread: 0x00007fb59d814800
RSI=0x00000000fffc3fff is an unknown value
RDI=0x00000000000004bd is an unknown value
R8 =0x0000000059f84bd2 is an unknown value
R9 =0x0000000000000004 is an unknown value
R10=0x00000000fffc0000 is an unknown value
R11=0x00007fb59f800000 is an unknown value
R12=0x00007fb59ecb2200 is an unknown value
R13=0x0000000000000570 is an unknown value
R14=0x0000000044060007 is an unknown value
R15=0x00007fb59fb043c0 is an unknown value


Stack: [0x000070000408f000,0x000070000418f000],  sp=0x000070000418a7c0,  free space=1005k
Native frames: (J=compiled Java code, j=interpreted, Vv=VM code, C=native code)
C  [libzip.dylib+0x2eb9]  newEntry+0x154
C  [libzip.dylib+0x3554]  ZIP_GetEntry2+0xd4
C  [libzip.dylib+0x234f]  Java_java_util_zip_ZipFile_getEntry+0xcf
J 150  java.util.zip.ZipFile.getEntry(J[BZ)J (0 bytes) @ 0x0000000114d1b64e [0x0000000114d1b580+0xce]
J 3540 C2 sun.misc.URLClassPath$JarLoader.getResource(Ljava/lang/String;Z)Lsun/misc/Resource; (85 bytes) @ 0x000000011564b70c [0x000000011564b280+0x48c]

Java frames: (J=compiled Java code, j=interpreted, Vv=VM code)
J 150  java.util.zip.ZipFile.getEntry(J[BZ)J (0 bytes) @ 0x0000000114d1b5d8 [0x0000000114d1b580+0x58]
J 3540 C2 sun.misc.URLClassPath$JarLoader.getResource(Ljava/lang/String;Z)Lsun/misc/Resource; (85 bytes) @ 0x000000011564b70c [0x000000011564b280+0x48c]
J 608 C2 sun.misc.URLClassPath.getResource(Ljava/lang/String;Z)Lsun/misc/Resource; (83 bytes) @ 0x0000000114ec05f0 [0x0000000114ec0500+0xf0]
J 312 C1 java.net.URLClassLoader$1.run()Ljava/lang/Class; (63 bytes) @ 0x0000000114d8ed3c [0x0000000114d8eb20+0x21c]
J 311 C1 java.net.URLClassLoader$1.run()Ljava/lang/Object; (5 bytes) @ 0x0000000114d8e78c [0x0000000114d8e700+0x8c]
v  ~StubRoutines::call_stub
J 310  java.security.AccessController.doPrivileged(Ljava/security/PrivilegedExceptionAction;Ljava/security/AccessControlContext;)Ljava/lang/Object; (0 bytes) @ 0x0000000114d8e3e3 [0x0000000114d8e380+0x63]
J 1601 C2 java.net.URLClassLoader.findClass(Ljava/lang/String;)Ljava/lang/Class; (47 bytes) @ 0x0000000115122cfc [0x0000000115122c60+0x9c]
j  org.mortbay.jetty.webapp.WebAppClassLoader.loadClass(Ljava/lang/String;Z)Ljava/lang/Class;+96
j  org.mortbay.jetty.webapp.WebAppClassLoader.loadClass(Ljava/lang/String;)Ljava/lang/Class;+3
v  ~StubRoutines::call_stub
j  org.springframework.web.context.ContextLoader.determineContextClass(Ljavax/servlet/ServletContext;)Ljava/lang/Class;+73
j  org.springframework.web.context.ContextLoader.createWebApplicationContext(Ljavax/servlet/ServletContext;)Lorg/springframework/web/context/WebApplicationContext;+2
j  org.springframework.web.context.ContextLoader.initWebApplicationContext(Ljavax/servlet/ServletContext;)Lorg/springframework/web/context/WebApplicationContext;+67
j  org.springframework.web.context.ContextLoaderListener.contextInitialized(Ljavax/servlet/ServletContextEvent;)V+5
j  org.mortbay.jetty.handler.ContextHandler.startContext()V+62
j  org.mortbay.jetty.servlet.Context.startContext()V+1
j  org.mortbay.jetty.webapp.WebAppContext.startContext()V+123
j  org.mortbay.jetty.handler.ContextHandler.doStart()V+120
j  org.mortbay.jetty.webapp.WebAppContext.doStart()V+170
j  org.mortbay.jetty.plugin.Jetty6PluginWebAppContext.doStart()V+6
j  org.mortbay.component.AbstractLifeCycle.start()V+15
j  org.mortbay.jetty.handler.HandlerCollection.doStart()V+32
j  org.mortbay.jetty.handler.ContextHandlerCollection.doStart()V+5
j  org.mortbay.component.AbstractLifeCycle.start()V+15
j  org.mortbay.jetty.handler.HandlerCollection.doStart()V+32
j  org.mortbay.component.AbstractLifeCycle.start()V+15
j  org.mortbay.jetty.handler.HandlerWrapper.doStart()V+11
j  org.mortbay.jetty.Server.doStart()V+201
j  org.mortbay.component.AbstractLifeCycle.start()V+15
j  org.mortbay.jetty.plugin.Jetty6PluginServer.start()V+48
j  org.mortbay.jetty.plugin.AbstractJettyMojo.startJetty()V+268
j  org.mortbay.jetty.plugin.AbstractJettyMojo.execute()V+46
j  org.mortbay.jetty.plugin.AbstractJettyRunMojo.execute()V+1
j  org.mortbay.jetty.plugin.Jetty6RunMojo.execute()V+1
j  org.apache.maven.plugin.DefaultBuildPluginManager.executeMojo(Lorg/apache/maven/execution/MavenSession;Lorg/apache/maven/plugin/MojoExecution;)V+155
j  org.apache.maven.lifecycle.internal.MojoExecutor.execute(Lorg/apache/maven/execution/MavenSession;Lorg/apache/maven/plugin/MojoExecution;Lorg/apache/maven/lifecycle/internal/ProjectIndex;Lorg/apache/maven/lifecycle/internal/DependencyContext;)V+220
j  org.apache.maven.lifecycle.internal.MojoExecutor.execute(Lorg/apache/maven/execution/MavenSession;Lorg/apache/maven/plugin/MojoExecution;Lorg/apache/maven/lifecycle/internal/ProjectIndex;Lorg/apache/maven/lifecycle/internal/DependencyContext;Lorg/apache/maven/lifecycle/internal/PhaseRecorder;)V+6
j  org.apache.maven.lifecycle.internal.MojoExecutor.execute(Lorg/apache/maven/execution/MavenSession;Ljava/util/List;Lorg/apache/maven/lifecycle/internal/ProjectIndex;)V+60
j  org.apache.maven.lifecycle.internal.LifecycleModuleBuilder.buildProject(Lorg/apache/maven/execution/MavenSession;Lorg/apache/maven/execution/MavenSession;Lorg/apache/maven/lifecycle/internal/ReactorContext;Lorg/apache/maven/project/MavenProject;Lorg/apache/maven/lifecycle/internal/TaskSegment;)V+180
j  org.apache.maven.lifecycle.internal.LifecycleModuleBuilder.buildProject(Lorg/apache/maven/execution/MavenSession;Lorg/apache/maven/lifecycle/internal/ReactorContext;Lorg/apache/maven/project/MavenProject;Lorg/apache/maven/lifecycle/internal/TaskSegment;)V+7
j  org.apache.maven.lifecycle.internal.builder.singlethreaded.SingleThreadedBuilder.build(Lorg/apache/maven/execution/MavenSession;Lorg/apache/maven/lifecycle/internal/ReactorContext;Lorg/apache/maven/lifecycle/internal/ProjectBuildList;Ljava/util/List;Lorg/apache/maven/lifecycle/internal/ReactorBuildStatus;)V+77
j  org.apache.maven.lifecycle.internal.LifecycleStarter.execute(Lorg/apache/maven/execution/MavenSession;)V+353
j  org.apache.maven.DefaultMaven.doExecute(Lorg/apache/maven/execution/MavenExecutionRequest;Lorg/apache/maven/execution/MavenSession;Lorg/apache/maven/execution/MavenExecutionResult;Lorg/eclipse/aether/DefaultRepositorySystemSession;)Lorg/apache/maven/execution/MavenExecutionResult;+414
j  org.apache.maven.DefaultMaven.doExecute(Lorg/apache/maven/execution/MavenExecutionRequest;)Lorg/apache/maven/execution/MavenExecutionResult;+99
j  org.apache.maven.DefaultMaven.execute(Lorg/apache/maven/execution/MavenExecutionRequest;)Lorg/apache/maven/execution/MavenExecutionResult;+2
j  org.apache.maven.cli.MavenCli.execute(Lorg/apache/maven/cli/CliRequest;)I+27
j  org.apache.maven.cli.MavenCli.doMain(Lorg/apache/maven/cli/CliRequest;)I+66
j  org.apache.maven.cli.MavenCli.main([Ljava/lang/String;Lorg/codehaus/plexus/classworlds/ClassWorld;)I+18
v  ~StubRoutines::call_stub
j  sun.reflect.NativeMethodAccessorImpl.invoke0(Ljava/lang/reflect/Method;Ljava/lang/Object;[Ljava/lang/Object;)Ljava/lang/Object;+0
j  sun.reflect.NativeMethodAccessorImpl.invoke(Ljava/lang/Object;[Ljava/lang/Object;)Ljava/lang/Object;+100
j  sun.reflect.DelegatingMethodAccessorImpl.invoke(Ljava/lang/Object;[Ljava/lang/Object;)Ljava/lang/Object;+6
j  java.lang.reflect.Method.invoke(Ljava/lang/Object;[Ljava/lang/Object;)Ljava/lang/Object;+56
j  org.codehaus.plexus.classworlds.launcher.Launcher.launchEnhanced([Ljava/lang/String;)V+45
j  org.codehaus.plexus.classworlds.launcher.Launcher.launch([Ljava/lang/String;)V+2
j  org.codehaus.plexus.classworlds.launcher.Launcher.mainWithExitCode([Ljava/lang/String;)I+101
j  org.codehaus.plexus.classworlds.launcher.Launcher.main([Ljava/lang/String;)V+1
v  ~StubRoutines::call_stub

---------------  P R O C E S S  ---------------

Java Threads: ( => current thread )
  0x00007fb5a03fb000 JavaThread "Timer-0" daemon [_thread_blocked, id=18695, stack(0x000070000503f000,0x000070000513f000)]
  0x00007fb59e71b000 JavaThread "btpool0-0" [_thread_blocked, id=3591, stack(0x0000700004f3c000,0x000070000503c000)]
  0x00007fb59d84a000 JavaThread "Service Thread" daemon [_thread_blocked, id=17155, stack(0x0000700004d36000,0x0000700004e36000)]
  0x00007fb59e00f800 JavaThread "C1 CompilerThread2" daemon [_thread_blocked, id=13827, stack(0x0000700004c33000,0x0000700004d33000)]
  0x00007fb59e00f000 JavaThread "C2 CompilerThread1" daemon [_thread_in_native, id=13571, stack(0x0000700004b30000,0x0000700004c30000)]
  0x00007fb59e80e800 JavaThread "C2 CompilerThread0" daemon [_thread_in_native, id=13315, stack(0x0000700004a2d000,0x0000700004b2d000)]
  0x00007fb59e004800 JavaThread "Signal Dispatcher" daemon [_thread_blocked, id=12807, stack(0x000070000492a000,0x0000700004a2a000)]
  0x00007fb59d838800 JavaThread "Finalizer" daemon [_thread_blocked, id=12035, stack(0x00007000047a4000,0x00007000048a4000)]
  0x00007fb59e80b800 JavaThread "Reference Handler" daemon [_thread_blocked, id=11779, stack(0x00007000046a1000,0x00007000047a1000)]
=>0x00007fb59d814800 JavaThread "main" [_thread_in_native, id=6147, stack(0x000070000408f000,0x000070000418f000)]

Other Threads:
  0x00007fb59d838000 VMThread [stack: 0x000070000459e000,0x000070000469e000] [id=11523]
  0x00007fb59e00b800 WatcherThread [stack: 0x0000700004e39000,0x0000700004f39000] [id=14083]

VM state:not at safepoint (normal execution)

VM Mutex/Monitor currently owned by a thread: None

Heap:
 PSYoungGen      total 79360K, used 43609K [0x0000000795580000, 0x000000079af80000, 0x00000007c0000000)
  eden space 66560K, 65% used [0x0000000795580000,0x00000007980166c0,0x0000000799680000)
  from space 12800K, 0% used [0x000000079a300000,0x000000079a300000,0x000000079af80000)
  to   space 12800K, 0% used [0x0000000799680000,0x0000000799680000,0x000000079a300000)
 ParOldGen       total 71168K, used 15167K [0x0000000740000000, 0x0000000744580000, 0x0000000795580000)
  object space 71168K, 21% used [0x0000000740000000,0x0000000740ecff58,0x0000000744580000)
 Metaspace       used 25234K, capacity 25728K, committed 25984K, reserved 1073152K
  class space    used 3018K, capacity 3170K, committed 3200K, reserved 1048576K

Card table byte_map: [0x000000010a329000,0x000000010a72a000] byte_map_base: 0x0000000106929000

Marking Bits: (ParMarkBitMap*) 0x00000001098c27a0
 Begin Bits: [0x000000010a9d5000, 0x000000010c9d5000)
 End Bits:   [0x000000010c9d5000, 0x000000010e9d5000)

Polling page: 0x0000000108712000

CodeCache: size=245760Kb used=11262Kb max_used=11262Kb free=234497Kb
 bounds [0x0000000114bce000, 0x00000001156de000, 0x0000000123bce000]
 total_blobs=4150 nmethods=3760 adapters=303
 compilation: enabled

Compilation events (10 events):
Event: 7.422 Thread 0x00007fb59e00f800 nmethod 3810 0x00000001156d22d0 code [0x00000001156d2460, 0x00000001156d27f8]
Event: 7.464 Thread 0x00007fb59e00f800 3812       2       java.lang.reflect.Proxy::isProxyClass (25 bytes)
Event: 7.464 Thread 0x00007fb59e00f800 nmethod 3812 0x00000001156d2a50 code [0x00000001156d2c20, 0x00000001156d3018]
Event: 7.464 Thread 0x00007fb59e00f800 3811       2       sun.reflect.misc.ReflectUtil::isNonPublicProxyClass (51 bytes)
Event: 7.465 Thread 0x00007fb59e00f800 nmethod 3811 0x00000001156d33d0 code [0x00000001156d35c0, 0x00000001156d3a28]
Event: 7.467 Thread 0x00007fb59e00f800 3813       2       java.lang.reflect.Method::hasGenericInformation (13 bytes)
Event: 7.468 Thread 0x00007fb59e00f800 nmethod 3813 0x00000001156d3e50 code [0x00000001156d3fa0, 0x00000001156d4110]
Event: 7.468 Thread 0x00007fb59e00f800 3814       2       java.lang.reflect.Method::getGenericParameterTypes (5 bytes)
Event: 7.469 Thread 0x00007fb59e00f800 nmethod 3814 0x00000001156d4190 code [0x00000001156d4320, 0x00000001156d46e8]
Event: 7.484 Thread 0x00007fb59e00f800 3815       2       java.lang.AbstractStringBuilder::append (50 bytes)

GC Heap History (10 events):
Event: 3.042 GC heap before
{Heap before GC invocations=3 (full 0):
 PSYoungGen      total 38400K, used 38396K [0x0000000795580000, 0x000000079a080000, 0x00000007c0000000)
  eden space 33280K, 100% used [0x0000000795580000,0x0000000797600000,0x0000000797600000)
  from space 5120K, 99% used [0x0000000797b00000,0x0000000797fff3b8,0x0000000798000000)
  to   space 5120K, 0% used [0x0000000797600000,0x0000000797600000,0x0000000797b00000)
 ParOldGen       total 87552K, used 2684K [0x0000000740000000, 0x0000000745580000, 0x0000000795580000)
  object space 87552K, 3% used [0x0000000740000000,0x000000074029f2a0,0x0000000745580000)
 Metaspace       used 14977K, capacity 15192K, committed 15360K, reserved 1062912K
  class space    used 1835K, capacity 1940K, committed 2048K, reserved 1048576K
Event: 3.053 GC heap after
Heap after GC invocations=3 (full 0):
 PSYoungGen      total 38400K, used 5088K [0x0000000795580000, 0x0000000798000000, 0x00000007c0000000)
  eden space 33280K, 0% used [0x0000000795580000,0x0000000795580000,0x0000000797600000)
  from space 5120K, 99% used [0x0000000797600000,0x0000000797af8020,0x0000000797b00000)
  to   space 5120K, 0% used [0x0000000797b00000,0x0000000797b00000,0x0000000798000000)
 ParOldGen       total 87552K, used 4857K [0x0000000740000000, 0x0000000745580000, 0x0000000795580000)
  object space 87552K, 5% used [0x0000000740000000,0x00000007404be578,0x0000000745580000)
 Metaspace       used 14977K, capacity 15192K, committed 15360K, reserved 1062912K
  class space    used 1835K, capacity 1940K, committed 2048K, reserved 1048576K
}
Event: 3.752 GC heap before
{Heap before GC invocations=4 (full 0):
 PSYoungGen      total 38400K, used 38368K [0x0000000795580000, 0x0000000798000000, 0x00000007c0000000)
  eden space 33280K, 100% used [0x0000000795580000,0x0000000797600000,0x0000000797600000)
  from space 5120K, 99% used [0x0000000797600000,0x0000000797af8020,0x0000000797b00000)
  to   space 5120K, 0% used [0x0000000797b00000,0x0000000797b00000,0x0000000798000000)
 ParOldGen       total 87552K, used 4857K [0x0000000740000000, 0x0000000745580000, 0x0000000795580000)
  object space 87552K, 5% used [0x0000000740000000,0x00000007404be578,0x0000000745580000)
 Metaspace       used 15850K, capacity 16176K, committed 16384K, reserved 1062912K
  class space    used 1918K, capacity 2012K, committed 2048K, reserved 1048576K
Event: 3.762 GC heap after
Heap after GC invocations=4 (full 0):
 PSYoungGen      total 38400K, used 5088K [0x0000000795580000, 0x000000079a080000, 0x00000007c0000000)
  eden space 33280K, 0% used [0x0000000795580000,0x0000000795580000,0x0000000797600000)
  from space 5120K, 99% used [0x0000000797b00000,0x0000000797ff8020,0x0000000798000000)
  to   space 5120K, 0% used [0x0000000797600000,0x0000000797600000,0x0000000797b00000)
 ParOldGen       total 87552K, used 7090K [0x0000000740000000, 0x0000000745580000, 0x0000000795580000)
  object space 87552K, 8% used [0x0000000740000000,0x00000007406ecbb0,0x0000000745580000)
 Metaspace       used 15850K, capacity 16176K, committed 16384K, reserved 1062912K
  class space    used 1918K, capacity 2012K, committed 2048K, reserved 1048576K
}
Event: 4.928 GC heap before
{Heap before GC invocations=5 (full 0):
 PSYoungGen      total 38400K, used 38368K [0x0000000795580000, 0x000000079a080000, 0x00000007c0000000)
  eden space 33280K, 100% used [0x0000000795580000,0x0000000797600000,0x0000000797600000)
  from space 5120K, 99% used [0x0000000797b00000,0x0000000797ff8020,0x0000000798000000)
  to   space 5120K, 0% used [0x0000000797600000,0x0000000797600000,0x0000000797b00000)
 ParOldGen       total 87552K, used 7090K [0x0000000740000000, 0x0000000745580000, 0x0000000795580000)
  object space 87552K, 8% used [0x0000000740000000,0x00000007406ecbb0,0x0000000745580000)
 Metaspace       used 20428K, capacity 20792K, committed 20864K, reserved 1067008K
  class space    used 2493K, capacity 2636K, committed 2688K, reserved 1048576K
Event: 4.949 GC heap after
Heap after GC invocations=5 (full 0):
 PSYoungGen      total 38400K, used 5104K [0x0000000795580000, 0x000000079af80000, 0x00000007c0000000)
  eden space 33280K, 0% used [0x0000000795580000,0x0000000795580000,0x0000000797600000)
  from space 5120K, 99% used [0x0000000797600000,0x0000000797afc010,0x0000000797b00000)
  to   space 12800K, 0% used [0x000000079a300000,0x000000079a300000,0x000000079af80000)
 ParOldGen       total 87552K, used 15032K [0x0000000740000000, 0x0000000745580000, 0x0000000795580000)
  object space 87552K, 17% used [0x0000000740000000,0x0000000740eae0c0,0x0000000745580000)
 Metaspace       used 20428K, capacity 20792K, committed 20864K, reserved 1067008K
  class space    used 2493K, capacity 2636K, committed 2688K, reserved 1048576K
}
Event: 5.282 GC heap before
{Heap before GC invocations=6 (full 0):
 PSYoungGen      total 38400K, used 13070K [0x0000000795580000, 0x000000079af80000, 0x00000007c0000000)
  eden space 33280K, 23% used [0x0000000795580000,0x0000000795d47b70,0x0000000797600000)
  from space 5120K, 99% used [0x0000000797600000,0x0000000797afc010,0x0000000797b00000)
  to   space 12800K, 0% used [0x000000079a300000,0x000000079a300000,0x000000079af80000)
 ParOldGen       total 87552K, used 15032K [0x0000000740000000, 0x0000000745580000, 0x0000000795580000)
  object space 87552K, 17% used [0x0000000740000000,0x0000000740eae0c0,0x0000000745580000)
 Metaspace       used 20869K, capacity 21208K, committed 21296K, reserved 1069056K
  class space    used 2530K, capacity 2668K, committed 2688K, reserved 1048576K
Event: 5.306 GC heap after
Heap after GC invocations=6 (full 0):
 PSYoungGen      total 79360K, used 6091K [0x0000000795580000, 0x000000079af80000, 0x00000007c0000000)
  eden space 66560K, 0% used [0x0000000795580000,0x0000000795580000,0x0000000799680000)
  from space 12800K, 47% used [0x000000079a300000,0x000000079a8f2c68,0x000000079af80000)
  to   space 12800K, 0% used [0x0000000799680000,0x0000000799680000,0x000000079a300000)
 ParOldGen       total 87552K, used 15032K [0x0000000740000000, 0x0000000745580000, 0x0000000795580000)
  object space 87552K, 17% used [0x0000000740000000,0x0000000740eae0c0,0x0000000745580000)
 Metaspace       used 20869K, capacity 21208K, committed 21296K, reserved 1069056K
  class space    used 2530K, capacity 2668K, committed 2688K, reserved 1048576K
}
Event: 5.306 GC heap before
{Heap before GC invocations=7 (full 1):
 PSYoungGen      total 79360K, used 6091K [0x0000000795580000, 0x000000079af80000, 0x00000007c0000000)
  eden space 66560K, 0% used [0x0000000795580000,0x0000000795580000,0x0000000799680000)
  from space 12800K, 47% used [0x000000079a300000,0x000000079a8f2c68,0x000000079af80000)
  to   space 12800K, 0% used [0x0000000799680000,0x0000000799680000,0x000000079a300000)
 ParOldGen       total 87552K, used 15032K [0x0000000740000000, 0x0000000745580000, 0x0000000795580000)
  object space 87552K, 17% used [0x0000000740000000,0x0000000740eae0c0,0x0000000745580000)
 Metaspace       used 20869K, capacity 21208K, committed 21296K, reserved 1069056K
  class space    used 2530K, capacity 2668K, committed 2688K, reserved 1048576K
Event: 5.419 GC heap after
Heap after GC invocations=7 (full 1):
 PSYoungGen      total 79360K, used 0K [0x0000000795580000, 0x000000079af80000, 0x00000007c0000000)
  eden space 66560K, 0% used [0x0000000795580000,0x0000000795580000,0x0000000799680000)
  from space 12800K, 0% used [0x000000079a300000,0x000000079a300000,0x000000079af80000)
  to   space 12800K, 0% used [0x0000000799680000,0x0000000799680000,0x000000079a300000)
 ParOldGen       total 71168K, used 15167K [0x0000000740000000, 0x0000000744580000, 0x0000000795580000)
  object space 71168K, 21% used [0x0000000740000000,0x0000000740ecff58,0x0000000744580000)
 Metaspace       used 20869K, capacity 21208K, committed 21296K, reserved 1069056K
  class space    used 2530K, capacity 2668K, committed 2688K, reserved 1048576K
}

Deoptimization events (10 events):
Event: 6.731 Thread 0x00007fb59d814800 Uncommon trap: reason=unstable_if action=reinterpret pc=0x0000000114faeb80 method=java.lang.String.lastIndexOf([CII[CIII)I @ 17
Event: 6.745 Thread 0x00007fb59d814800 Uncommon trap: reason=unstable_if action=reinterpret pc=0x000000011504cc0c method=java.lang.ClassLoader.checkName(Ljava/lang/String;)Z @ 20
Event: 6.745 Thread 0x00007fb59d814800 Uncommon trap: reason=unstable_if action=reinterpret pc=0x0000000114ef80dc method=java.lang.ClassLoader.checkName(Ljava/lang/String;)Z @ 20
Event: 7.113 Thread 0x00007fb59d814800 Uncommon trap: reason=unstable_if action=reinterpret pc=0x00000001156094fc method=java.util.regex.Pattern$CharProperty.match(Ljava/util/regex/Matcher;ILjava/lang/CharSequence;)Z @ 40
Event: 7.166 Thread 0x00007fb59d814800 Uncommon trap: reason=class_check action=maybe_recompile pc=0x000000011532c17c method=java.util.Hashtable.get(Ljava/lang/Object;)Ljava/lang/Object; @ 6
Event: 7.177 Thread 0x00007fb59d814800 Uncommon trap: reason=class_check action=maybe_recompile pc=0x000000011532c17c method=java.util.Hashtable.get(Ljava/lang/Object;)Ljava/lang/Object; @ 6
Event: 7.184 Thread 0x00007fb59d814800 Uncommon trap: reason=class_check action=maybe_recompile pc=0x000000011532c17c method=java.util.Hashtable.get(Ljava/lang/Object;)Ljava/lang/Object; @ 6
Event: 7.191 Thread 0x00007fb59d814800 Uncommon trap: reason=class_check action=maybe_recompile pc=0x000000011532c17c method=java.util.Hashtable.get(Ljava/lang/Object;)Ljava/lang/Object; @ 6
Event: 7.392 Thread 0x00007fb59d814800 Uncommon trap: reason=unstable_if action=reinterpret pc=0x00000001151e445c method=java.lang.reflect.Field.get(Ljava/lang/Object;)Ljava/lang/Object; @ 4
Event: 7.481 Thread 0x00007fb59d814800 Uncommon trap: reason=unstable_if action=reinterpret pc=0x0000000114e0ed60 method=java.lang.AbstractStringBuilder.append(Ljava/lang/String;)Ljava/lang/AbstractStringBuilder; @ 1

Internal exceptions (10 events):
Event: 6.628 Thread 0x00007fb59d814800 Exception <a 'java/security/PrivilegedActionException'> (0x0000000796a1ecd0) thrown at [/Users/java_re/workspace/8-2-build-macosx-x86_64/jdk8u45/3457/hotspot/src/share/vm/prims/jvm.cpp, line 1382]
Event: 6.628 Thread 0x00007fb59d814800 Exception <a 'java/security/PrivilegedActionException'> (0x0000000796a1f018) thrown at [/Users/java_re/workspace/8-2-build-macosx-x86_64/jdk8u45/3457/hotspot/src/share/vm/prims/jvm.cpp, line 1382]
Event: 6.860 Thread 0x00007fb59d814800 Exception <a 'java/io/FileNotFoundException'> (0x0000000796e27c68) thrown at [/Users/java_re/workspace/8-2-build-macosx-x86_64/jdk8u45/3457/hotspot/src/share/vm/prims/jni.cpp, line 709]
Event: 7.459 Thread 0x00007fb59d814800 Exception <a 'java/lang/ClassNotFoundException': org/apache/log4j/PatternLayoutBeanInfo> (0x0000000797e74988) thrown at [/Users/java_re/workspace/8-2-build-macosx-x86_64/jdk8u45/3457/hotspot/src/share/vm/classfile/systemDictionary.cpp, line 210]
Event: 7.460 Thread 0x00007fb59d814800 Exception <a 'java/lang/ClassNotFoundException': org/apache/log4j/LayoutBeanInfo> (0x0000000797e88370) thrown at [/Users/java_re/workspace/8-2-build-macosx-x86_64/jdk8u45/3457/hotspot/src/share/vm/classfile/systemDictionary.cpp, line 210]
Event: 7.460 Thread 0x00007fb59d814800 Exception <a 'java/lang/ClassNotFoundException': java/lang/ObjectBeanInfo> (0x0000000797e91810) thrown at [/Users/java_re/workspace/8-2-build-macosx-x86_64/jdk8u45/3457/hotspot/src/share/vm/classfile/systemDictionary.cpp, line 210]
Event: 7.461 Thread 0x00007fb59d814800 Exception <a 'java/lang/ClassNotFoundException': java/lang/ObjectCustomizer> (0x0000000797e9ae70) thrown at [/Users/java_re/workspace/8-2-build-macosx-x86_64/jdk8u45/3457/hotspot/src/share/vm/classfile/systemDictionary.cpp, line 210]
Event: 7.465 Thread 0x00007fb59d814800 Exception <a 'java/lang/ClassNotFoundException': org/apache/log4j/LayoutCustomizer> (0x0000000797eb4500) thrown at [/Users/java_re/workspace/8-2-build-macosx-x86_64/jdk8u45/3457/hotspot/src/share/vm/classfile/systemDictionary.cpp, line 210]
Event: 7.468 Thread 0x00007fb59d814800 Exception <a 'java/lang/ClassNotFoundException': org/apache/log4j/PatternLayoutCustomizer> (0x0000000797ede1e0) thrown at [/Users/java_re/workspace/8-2-build-macosx-x86_64/jdk8u45/3457/hotspot/src/share/vm/classfile/systemDictionary.cpp, line 210]
Event: 7.480 Thread 0x00007fb59d814800 Implicit null exception at 0x0000000114e0e9f5 to 0x0000000114e0ed4d

Events (10 events):
Event: 7.480 loading class org/apache/log4j/ProvisionNode done
Event: 7.480 Thread 0x00007fb59d814800 Uncommon trap: trap_request=0xffffff65 fr.pc=0x0000000114e0ed60
Event: 7.481 Thread 0x00007fb59d814800 DEOPT PACKING pc=0x0000000114e0ed60 sp=0x000070000418b3c0
Event: 7.481 Thread 0x00007fb59d814800 DEOPT UNPACKING pc=0x0000000114bd3229 sp=0x000070000418b390 mode 2
Event: 7.482 loading class org/apache/log4j/NDC
Event: 7.482 loading class org/apache/log4j/NDC done
Event: 7.482 loading class org/apache/log4j/NDC
Event: 7.482 loading class org/apache/log4j/NDC done
Event: 7.482 loading class org/apache/log4j/NDC
Event: 7.482 loading class org/apache/log4j/NDC done


Dynamic libraries:
0x000000002b3fb000 	/System/Library/Frameworks/Cocoa.framework/Versions/A/Cocoa
0x000000002b3fb000 	/System/Library/Frameworks/Security.framework/Versions/A/Security
0x000000002b3fb000 	/System/Library/Frameworks/ApplicationServices.framework/Versions/A/ApplicationServices
0x000000002b3fb000 	/usr/lib/libz.1.dylib
0x000000002b3fb000 	/usr/lib/libSystem.B.dylib
0x000000002b3fb000 	/usr/lib/libobjc.A.dylib
0x000000002b3fb000 	/System/Library/Frameworks/CoreFoundation.framework/Versions/A/CoreFoundation
0x000000002b3fb000 	/System/Library/Frameworks/Foundation.framework/Versions/C/Foundation
0x000000002b3fb000 	/System/Library/Frameworks/AppKit.framework/Versions/C/AppKit
0x000000002b3fb000 	/System/Library/Frameworks/CoreData.framework/Versions/A/CoreData
0x000000002b3fb000 	/System/Library/PrivateFrameworks/RemoteViewServices.framework/Versions/A/RemoteViewServices
0x000000002b3fb000 	/System/Library/PrivateFrameworks/UIFoundation.framework/Versions/A/UIFoundation
0x000000002b3fb000 	/System/Library/PrivateFrameworks/DFRFoundation.framework/Versions/A/DFRFoundation
0x000000002b3fb000 	/System/Library/Frameworks/Metal.framework/Versions/A/Metal
0x000000002b3fb000 	/System/Library/PrivateFrameworks/DesktopServicesPriv.framework/Versions/A/DesktopServicesPriv
0x000000002b3fb000 	/usr/lib/libenergytrace.dylib
0x000000002b3fb000 	/System/Library/PrivateFrameworks/SkyLight.framework/Versions/A/SkyLight
0x000000002b3fb000 	/System/Library/Frameworks/CoreGraphics.framework/Versions/A/CoreGraphics
0x000000002b3fb000 	/usr/lib/libScreenReader.dylib
0x000000002b3fb000 	/System/Library/Frameworks/Accelerate.framework/Versions/A/Accelerate
0x000000002b3fb000 	/System/Library/Frameworks/IOSurface.framework/Versions/A/IOSurface
0x000000002b3fb000 	/System/Library/Frameworks/AudioToolbox.framework/Versions/A/AudioToolbox
0x000000002b3fb000 	/System/Library/Frameworks/AudioUnit.framework/Versions/A/AudioUnit
0x000000002b3fb000 	/System/Library/PrivateFrameworks/DataDetectorsCore.framework/Versions/A/DataDetectorsCore
0x000000002b3fb000 	/System/Library/Frameworks/Carbon.framework/Versions/A/Frameworks/HIToolbox.framework/Versions/A/HIToolbox
0x000000002b3fb000 	/usr/lib/libicucore.A.dylib
0x000000002b3fb000 	/System/Library/Frameworks/QuartzCore.framework/Versions/A/QuartzCore
0x000000002b3fb000 	/System/Library/PrivateFrameworks/SignpostNotification.framework/Versions/A/SignpostNotification
0x000000002b3fb000 	/System/Library/Frameworks/Carbon.framework/Versions/A/Frameworks/SpeechRecognition.framework/Versions/A/SpeechRecognition
0x000000002b3fb000 	/usr/lib/libauto.dylib
0x000000002b3fb000 	/usr/lib/libxml2.2.dylib
0x000000002b3fb000 	/System/Library/PrivateFrameworks/CoreUI.framework/Versions/A/CoreUI
0x000000002b3fb000 	/System/Library/Frameworks/CoreAudio.framework/Versions/A/CoreAudio
0x000000002b3fb000 	/System/Library/Frameworks/DiskArbitration.framework/Versions/A/DiskArbitration
0x000000002b3fb000 	/usr/lib/liblangid.dylib
0x000000002b3fb000 	/System/Library/PrivateFrameworks/MultitouchSupport.framework/Versions/A/MultitouchSupport
0x000000002b3fb000 	/System/Library/Frameworks/IOKit.framework/Versions/A/IOKit
0x000000002b3fb000 	/usr/lib/libDiagnosticMessagesClient.dylib
0x000000002b3fb000 	/System/Library/Frameworks/CoreServices.framework/Versions/A/CoreServices
0x000000002b3fb000 	/System/Library/PrivateFrameworks/PerformanceAnalysis.framework/Versions/A/PerformanceAnalysis
0x000000002b3fb000 	/System/Library/Frameworks/OpenGL.framework/Versions/A/OpenGL
0x000000002b3fb000 	/System/Library/Frameworks/ColorSync.framework/Versions/A/ColorSync
0x000000002b3fb000 	/System/Library/Frameworks/CoreImage.framework/Versions/A/CoreImage
0x000000002b3fb000 	/System/Library/Frameworks/CoreText.framework/Versions/A/CoreText
0x000000002b3fb000 	/System/Library/Frameworks/ImageIO.framework/Versions/A/ImageIO
0x000000002b3fb000 	/System/Library/PrivateFrameworks/Backup.framework/Versions/A/Backup
0x000000002b3fb000 	/usr/lib/libarchive.2.dylib
0x000000002b3fb000 	/System/Library/Frameworks/CFNetwork.framework/Versions/A/CFNetwork
0x000000002b3fb000 	/System/Library/Frameworks/SystemConfiguration.framework/Versions/A/SystemConfiguration
0x000000002b3fb000 	/usr/lib/libCRFSuite.dylib
0x000000002b3fb000 	/usr/lib/libc++.1.dylib
0x000000002b3fb000 	/usr/lib/libc++abi.dylib
0x000000002b3fb000 	/usr/lib/system/libcache.dylib
0x000000002b3fb000 	/usr/lib/system/libcommonCrypto.dylib
0x000000002b3fb000 	/usr/lib/system/libcompiler_rt.dylib
0x000000002b3fb000 	/usr/lib/system/libcopyfile.dylib
0x000000002b3fb000 	/usr/lib/system/libcorecrypto.dylib
0x000000002b3fb000 	/usr/lib/system/libdispatch.dylib
0x000000002b3fb000 	/usr/lib/system/libdyld.dylib
0x000000002b3fb000 	/usr/lib/system/libkeymgr.dylib
0x000000002b3fb000 	/usr/lib/system/liblaunch.dylib
0x000000002b3fb000 	/usr/lib/system/libmacho.dylib
0x000000002b3fb000 	/usr/lib/system/libquarantine.dylib
0x000000002b3fb000 	/usr/lib/system/libremovefile.dylib
0x000000002b3fb000 	/usr/lib/system/libsystem_asl.dylib
0x000000002b3fb000 	/usr/lib/system/libsystem_blocks.dylib
0x000000002b3fb000 	/usr/lib/system/libsystem_c.dylib
0x000000002b3fb000 	/usr/lib/system/libsystem_configuration.dylib
0x000000002b3fb000 	/usr/lib/system/libsystem_coreservices.dylib
0x000000002b3fb000 	/usr/lib/system/libsystem_darwin.dylib
0x000000002b3fb000 	/usr/lib/system/libsystem_dnssd.dylib
0x000000002b3fb000 	/usr/lib/system/libsystem_info.dylib
0x000000002b3fb000 	/usr/lib/system/libsystem_m.dylib
0x000000002b3fb000 	/usr/lib/system/libsystem_malloc.dylib
0x000000002b3fb000 	/usr/lib/system/libsystem_network.dylib
0x000000002b3fb000 	/usr/lib/system/libsystem_networkextension.dylib
0x000000002b3fb000 	/usr/lib/system/libsystem_notify.dylib
0x000000002b3fb000 	/usr/lib/system/libsystem_sandbox.dylib
0x000000002b3fb000 	/usr/lib/system/libsystem_secinit.dylib
0x000000002b3fb000 	/usr/lib/system/libsystem_kernel.dylib
0x000000002b3fb000 	/usr/lib/system/libsystem_platform.dylib
0x000000002b3fb000 	/usr/lib/system/libsystem_pthread.dylib
0x000000002b3fb000 	/usr/lib/system/libsystem_symptoms.dylib
0x000000002b3fb000 	/usr/lib/system/libsystem_trace.dylib
0x000000002b3fb000 	/usr/lib/system/libunwind.dylib
0x000000002b3fb000 	/usr/lib/system/libxpc.dylib
0x000000002b3fb000 	/usr/lib/closure/libclosured.dylib
0x000000002b3fb000 	/usr/lib/libbsm.0.dylib
0x000000002b3fb000 	/usr/lib/system/libkxld.dylib
0x000000002b3fb000 	/usr/lib/libOpenScriptingUtil.dylib
0x000000002b3fb000 	/usr/lib/libcoretls.dylib
0x000000002b3fb000 	/usr/lib/libcoretls_cfhelpers.dylib
0x000000002b3fb000 	/usr/lib/libpam.2.dylib
0x000000002b3fb000 	/usr/lib/libsqlite3.dylib
0x000000002b3fb000 	/usr/lib/libxar.1.dylib
0x000000002b3fb000 	/usr/lib/libbz2.1.0.dylib
0x000000002b3fb000 	/usr/lib/liblzma.5.dylib
0x000000002b3fb000 	/usr/lib/libnetwork.dylib
0x000000002b3fb000 	/usr/lib/libapple_nghttp2.dylib
0x000000002b3fb000 	/usr/lib/libpcap.A.dylib
0x000000002b3fb000 	/usr/lib/libboringssl.dylib
0x000000002b3fb000 	/usr/lib/libusrtcp.dylib
0x000000002b3fb000 	/usr/lib/libapple_crypto.dylib
0x000000002b3fb000 	/System/Library/Frameworks/CoreServices.framework/Versions/A/Frameworks/FSEvents.framework/Versions/A/FSEvents
0x000000002b3fb000 	/System/Library/Frameworks/CoreServices.framework/Versions/A/Frameworks/CarbonCore.framework/Versions/A/CarbonCore
0x000000002b3fb000 	/System/Library/Frameworks/CoreServices.framework/Versions/A/Frameworks/Metadata.framework/Versions/A/Metadata
0x000000002b3fb000 	/System/Library/Frameworks/CoreServices.framework/Versions/A/Frameworks/OSServices.framework/Versions/A/OSServices
0x000000002b3fb000 	/System/Library/Frameworks/CoreServices.framework/Versions/A/Frameworks/SearchKit.framework/Versions/A/SearchKit
0x000000002b3fb000 	/System/Library/Frameworks/CoreServices.framework/Versions/A/Frameworks/AE.framework/Versions/A/AE
0x000000002b3fb000 	/System/Library/Frameworks/CoreServices.framework/Versions/A/Frameworks/LaunchServices.framework/Versions/A/LaunchServices
0x000000002b3fb000 	/System/Library/Frameworks/CoreServices.framework/Versions/A/Frameworks/DictionaryServices.framework/Versions/A/DictionaryServices
0x000000002b3fb000 	/System/Library/Frameworks/CoreServices.framework/Versions/A/Frameworks/SharedFileList.framework/Versions/A/SharedFileList
0x000000002b3fb000 	/System/Library/Frameworks/NetFS.framework/Versions/A/NetFS
0x000000002b3fb000 	/System/Library/PrivateFrameworks/NetAuth.framework/Versions/A/NetAuth
0x000000002b3fb000 	/System/Library/PrivateFrameworks/login.framework/Versions/A/Frameworks/loginsupport.framework/Versions/A/loginsupport
0x000000002b3fb000 	/System/Library/PrivateFrameworks/TCC.framework/Versions/A/TCC
0x000000002b3fb000 	/usr/lib/libmecabra.dylib
0x000000002b3fb000 	/System/Library/Frameworks/ApplicationServices.framework/Versions/A/Frameworks/ATS.framework/Versions/A/ATS
0x000000002b3fb000 	/System/Library/Frameworks/ApplicationServices.framework/Versions/A/Frameworks/ColorSyncLegacy.framework/Versions/A/ColorSyncLegacy
0x000000002b3fb000 	/System/Library/Frameworks/ApplicationServices.framework/Versions/A/Frameworks/HIServices.framework/Versions/A/HIServices
0x000000002b3fb000 	/System/Library/Frameworks/ApplicationServices.framework/Versions/A/Frameworks/LangAnalysis.framework/Versions/A/LangAnalysis
0x000000002b3fb000 	/System/Library/Frameworks/ApplicationServices.framework/Versions/A/Frameworks/PrintCore.framework/Versions/A/PrintCore
0x000000002b3fb000 	/System/Library/Frameworks/ApplicationServices.framework/Versions/A/Frameworks/QD.framework/Versions/A/QD
0x000000002b3fb000 	/System/Library/Frameworks/ApplicationServices.framework/Versions/A/Frameworks/SpeechSynthesis.framework/Versions/A/SpeechSynthesis
0x000000002b3fb000 	/System/Library/Frameworks/CoreDisplay.framework/Versions/A/CoreDisplay
0x000000002b3fb000 	/System/Library/Frameworks/Accelerate.framework/Versions/A/Frameworks/vImage.framework/Versions/A/vImage
0x000000002b3fb000 	/System/Library/Frameworks/Accelerate.framework/Versions/A/Frameworks/vecLib.framework/Versions/A/vecLib
0x000000002b3fb000 	/System/Library/Frameworks/Accelerate.framework/Versions/A/Frameworks/vecLib.framework/Versions/A/libvDSP.dylib
0x000000002b3fb000 	/System/Library/Frameworks/Accelerate.framework/Versions/A/Frameworks/vecLib.framework/Versions/A/libBNNS.dylib
0x000000002b3fb000 	/System/Library/Frameworks/Accelerate.framework/Versions/A/Frameworks/vecLib.framework/Versions/A/libQuadrature.dylib
0x000000002b3fb000 	/System/Library/Frameworks/Accelerate.framework/Versions/A/Frameworks/vecLib.framework/Versions/A/libvMisc.dylib
0x000000002b3fb000 	/System/Library/Frameworks/Accelerate.framework/Versions/A/Frameworks/vecLib.framework/Versions/A/libLAPACK.dylib
0x000000002b3fb000 	/System/Library/Frameworks/Accelerate.framework/Versions/A/Frameworks/vecLib.framework/Versions/A/libBLAS.dylib
0x000000002b3fb000 	/System/Library/Frameworks/Accelerate.framework/Versions/A/Frameworks/vecLib.framework/Versions/A/libLinearAlgebra.dylib
0x000000002b3fb000 	/System/Library/Frameworks/Accelerate.framework/Versions/A/Frameworks/vecLib.framework/Versions/A/libSparse.dylib
0x000000002b3fb000 	/System/Library/Frameworks/Accelerate.framework/Versions/A/Frameworks/vecLib.framework/Versions/A/libSparseBLAS.dylib
0x000000002b3fb000 	/System/Library/PrivateFrameworks/GPUWrangler.framework/Versions/A/GPUWrangler
0x000000002b3fb000 	/System/Library/PrivateFrameworks/IOAccelerator.framework/Versions/A/IOAccelerator
0x000000002b3fb000 	/System/Library/PrivateFrameworks/IOPresentment.framework/Versions/A/IOPresentment
0x000000002b3fb000 	/System/Library/PrivateFrameworks/DSExternalDisplay.framework/Versions/A/DSExternalDisplay
0x000000002b3fb000 	/System/Library/Frameworks/OpenGL.framework/Versions/A/Libraries/libCoreFSCache.dylib
0x000000002b3fb000 	/System/Library/Frameworks/CoreVideo.framework/Versions/A/CoreVideo
0x000000002b3fb000 	/System/Library/PrivateFrameworks/GraphVisualizer.framework/Versions/A/GraphVisualizer
0x000000002b3fb000 	/System/Library/Frameworks/MetalPerformanceShaders.framework/Versions/A/MetalPerformanceShaders
0x000000002b3fb000 	/usr/lib/libFosl_dynamic.dylib
0x000000002b3fb000 	/System/Library/PrivateFrameworks/FaceCore.framework/Versions/A/FaceCore
0x000000002b3fb000 	/System/Library/Frameworks/OpenCL.framework/Versions/A/OpenCL
0x000000002b3fb000 	/usr/lib/libcompression.dylib
0x000000002b3fb000 	/System/Library/Frameworks/ApplicationServices.framework/Versions/A/Frameworks/ATS.framework/Versions/A/Resources/libFontParser.dylib
0x000000002b3fb000 	/System/Library/Frameworks/ApplicationServices.framework/Versions/A/Frameworks/ATS.framework/Versions/A/Resources/libFontRegistry.dylib
0x000000002b3fb000 	/System/Library/Frameworks/ImageIO.framework/Versions/A/Resources/libJPEG.dylib
0x000000002b3fb000 	/System/Library/Frameworks/ImageIO.framework/Versions/A/Resources/libTIFF.dylib
0x000000002b3fb000 	/System/Library/Frameworks/ImageIO.framework/Versions/A/Resources/libPng.dylib
0x000000002b3fb000 	/System/Library/Frameworks/ImageIO.framework/Versions/A/Resources/libGIF.dylib
0x000000002b3fb000 	/System/Library/Frameworks/ImageIO.framework/Versions/A/Resources/libJP2.dylib
0x000000002b3fb000 	/System/Library/Frameworks/ImageIO.framework/Versions/A/Resources/libRadiance.dylib
0x000000002b3fb000 	/System/Library/PrivateFrameworks/AppleJPEG.framework/Versions/A/AppleJPEG
0x000000002b3fb000 	/System/Library/Frameworks/MetalPerformanceShaders.framework/Frameworks/MPSCore.framework/Versions/A/MPSCore
0x000000002b3fb000 	/System/Library/Frameworks/MetalPerformanceShaders.framework/Frameworks/MPSImage.framework/Versions/A/MPSImage
0x000000002b3fb000 	/System/Library/Frameworks/MetalPerformanceShaders.framework/Frameworks/MPSNeuralNetwork.framework/Versions/A/MPSNeuralNetwork
0x000000002b3fb000 	/System/Library/Frameworks/MetalPerformanceShaders.framework/Frameworks/MPSMatrix.framework/Versions/A/MPSMatrix
0x000000002b3fb000 	/System/Library/PrivateFrameworks/MetalTools.framework/Versions/A/MetalTools
0x000000002b3fb000 	/System/Library/Frameworks/OpenGL.framework/Versions/A/Libraries/libGLU.dylib
0x000000002b3fb000 	/System/Library/Frameworks/OpenGL.framework/Versions/A/Libraries/libGFXShared.dylib
0x000000002b3fb000 	/System/Library/Frameworks/OpenGL.framework/Versions/A/Libraries/libGL.dylib
0x000000002b3fb000 	/System/Library/Frameworks/OpenGL.framework/Versions/A/Libraries/libGLImage.dylib
0x000000002b3fb000 	/System/Library/Frameworks/OpenGL.framework/Versions/A/Libraries/libCVMSPluginSupport.dylib
0x000000002b3fb000 	/System/Library/Frameworks/OpenGL.framework/Versions/A/Libraries/libCoreVMClient.dylib
0x000000002b3fb000 	/usr/lib/libcups.2.dylib
0x000000002b3fb000 	/System/Library/Frameworks/Kerberos.framework/Versions/A/Kerberos
0x000000002b3fb000 	/System/Library/Frameworks/GSS.framework/Versions/A/GSS
0x000000002b3fb000 	/usr/lib/libresolv.9.dylib
0x000000002b3fb000 	/usr/lib/libiconv.2.dylib
0x000000002b3fb000 	/System/Library/PrivateFrameworks/Heimdal.framework/Versions/A/Heimdal
0x000000002b3fb000 	/usr/lib/libheimdal-asn1.dylib
0x000000002b3fb000 	/System/Library/Frameworks/OpenDirectory.framework/Versions/A/OpenDirectory
0x000000002b3fb000 	/System/Library/PrivateFrameworks/CommonAuth.framework/Versions/A/CommonAuth
0x000000002b3fb000 	/System/Library/Frameworks/OpenDirectory.framework/Versions/A/Frameworks/CFOpenDirectory.framework/Versions/A/CFOpenDirectory
0x000000002b3fb000 	/System/Library/Frameworks/SecurityFoundation.framework/Versions/A/SecurityFoundation
0x000000002b3fb000 	/System/Library/PrivateFrameworks/APFS.framework/Versions/A/APFS
0x000000002b3fb000 	/usr/lib/libutil.dylib
0x000000002b3fb000 	/System/Library/PrivateFrameworks/AppleSauce.framework/Versions/A/AppleSauce
0x000000002b3fb000 	/System/Library/PrivateFrameworks/LinguisticData.framework/Versions/A/LinguisticData
0x000000002b3fb000 	/usr/lib/libmarisa.dylib
0x000000002b3fb000 	/System/Library/PrivateFrameworks/Lexicon.framework/Versions/A/Lexicon
0x000000002b3fb000 	/usr/lib/libChineseTokenizer.dylib
0x000000002b3fb000 	/usr/lib/libcmph.dylib
0x000000002b3fb000 	/System/Library/PrivateFrameworks/LanguageModeling.framework/Versions/A/LanguageModeling
0x000000002b3fb000 	/System/Library/PrivateFrameworks/CoreEmoji.framework/Versions/A/CoreEmoji
0x000000002b3fb000 	/System/Library/Frameworks/ServiceManagement.framework/Versions/A/ServiceManagement
0x000000002b3fb000 	/System/Library/PrivateFrameworks/BackgroundTaskManagement.framework/Versions/A/BackgroundTaskManagement
0x000000002b3fb000 	/usr/lib/libxslt.1.dylib
0x000000002b3fb000 	/System/Library/Frameworks/Carbon.framework/Versions/A/Frameworks/Ink.framework/Versions/A/Ink
0x000000002b3fb000 	/System/Library/PrivateFrameworks/TextureIO.framework/Versions/A/TextureIO
0x000000002b3fb000 	/usr/lib/libate.dylib
0x000000002b3fb000 	/System/Library/PrivateFrameworks/CrashReporterSupport.framework/Versions/A/CrashReporterSupport
0x000000002b3fb000 	/System/Library/PrivateFrameworks/Sharing.framework/Versions/A/Sharing
0x000000002b3fb000 	/System/Library/PrivateFrameworks/IconServices.framework/Versions/A/IconServices
0x000000002b3fb000 	/System/Library/PrivateFrameworks/AuthKit.framework/Versions/A/AuthKit
0x000000002b3fb000 	/System/Library/PrivateFrameworks/Apple80211.framework/Versions/A/Apple80211
0x000000002b3fb000 	/System/Library/PrivateFrameworks/CoreUtils.framework/Versions/A/CoreUtils
0x000000002b3fb000 	/System/Library/Frameworks/CoreWLAN.framework/Versions/A/CoreWLAN
0x000000002b3fb000 	/System/Library/Frameworks/IOBluetooth.framework/Versions/A/IOBluetooth
0x000000002b3fb000 	/System/Library/PrivateFrameworks/ProtocolBuffer.framework/Versions/A/ProtocolBuffer
0x000000002b3fb000 	/System/Library/PrivateFrameworks/MobileKeyBag.framework/Versions/A/MobileKeyBag
0x000000002b3fb000 	/System/Library/PrivateFrameworks/CorePhoneNumbers.framework/Versions/A/CorePhoneNumbers
0x000000002b3fb000 	/System/Library/PrivateFrameworks/AppleIDAuthSupport.framework/Versions/A/AppleIDAuthSupport
0x000000002b3fb000 	/System/Library/PrivateFrameworks/KeychainCircle.framework/Versions/A/KeychainCircle
0x000000002b3fb000 	/System/Library/PrivateFrameworks/CoreWiFi.framework/Versions/A/CoreWiFi
0x000000002b3fb000 	/System/Library/Frameworks/CoreBluetooth.framework/Versions/A/CoreBluetooth
0x000000002b3fb000 	/System/Library/PrivateFrameworks/DebugSymbols.framework/Versions/A/DebugSymbols
0x000000002b3fb000 	/System/Library/PrivateFrameworks/CoreSymbolication.framework/Versions/A/CoreSymbolication
0x000000002b3fb000 	/System/Library/PrivateFrameworks/Symbolication.framework/Versions/A/Symbolication
0x000000002b3fb000 	/System/Library/PrivateFrameworks/AppleFSCompression.framework/Versions/A/AppleFSCompression
0x000000002b3fb000 	/System/Library/PrivateFrameworks/SpeechRecognitionCore.framework/Versions/A/SpeechRecognitionCore
0x000000002b3fb000 	/System/Library/CoreServices/Encodings/libSimplifiedChineseConverter.dylib
0x0000000109000000 	/Library/Java/JavaVirtualMachines/jdk1.8.0_45.jdk/Contents/Home/jre/lib/server/libjvm.dylib
0x000000002b3fb000 	/usr/lib/libstdc++.6.0.9.dylib
0x00000001086cf000 	/Library/Java/JavaVirtualMachines/jdk1.8.0_45.jdk/Contents/Home/jre/lib/libverify.dylib
0x00000001086dd000 	/Library/Java/JavaVirtualMachines/jdk1.8.0_45.jdk/Contents/Home/jre/lib/libjava.dylib
0x000000010875c000 	/Library/Java/JavaVirtualMachines/jdk1.8.0_45.jdk/Contents/Home/jre/lib/libzip.dylib
0x000000002b3fb000 	/System/Library/Frameworks/JavaVM.framework/Versions/A/Frameworks/JavaRuntimeSupport.framework/Versions/A/JavaRuntimeSupport
0x000000002b3fb000 	/System/Library/Frameworks/JavaVM.framework/Versions/A/Frameworks/JavaNativeFoundation.framework/Versions/A/JavaNativeFoundation
0x000000002b3fb000 	/System/Library/Frameworks/JavaVM.framework/Versions/A/JavaVM
0x000000002b3fb000 	/System/Library/Frameworks/Carbon.framework/Versions/A/Carbon
0x000000002b3fb000 	/System/Library/PrivateFrameworks/JavaLaunching.framework/Versions/A/JavaLaunching
0x000000002b3fb000 	/System/Library/Frameworks/Carbon.framework/Versions/A/Frameworks/CommonPanels.framework/Versions/A/CommonPanels
0x000000002b3fb000 	/System/Library/Frameworks/Carbon.framework/Versions/A/Frameworks/Help.framework/Versions/A/Help
0x000000002b3fb000 	/System/Library/Frameworks/Carbon.framework/Versions/A/Frameworks/ImageCapture.framework/Versions/A/ImageCapture
0x000000002b3fb000 	/System/Library/Frameworks/Carbon.framework/Versions/A/Frameworks/OpenScripting.framework/Versions/A/OpenScripting
0x000000002b3fb000 	/System/Library/Frameworks/Carbon.framework/Versions/A/Frameworks/Print.framework/Versions/A/Print
0x000000002b3fb000 	/System/Library/Frameworks/Carbon.framework/Versions/A/Frameworks/SecurityHI.framework/Versions/A/SecurityHI
0x000000011249c000 	/Library/Java/JavaVirtualMachines/jdk1.8.0_45.jdk/Contents/Home/jre/lib/libnet.dylib
0x00000001124fa000 	/Library/Java/JavaVirtualMachines/jdk1.8.0_45.jdk/Contents/Home/jre/lib/libnio.dylib

VM Arguments:
jvm_args: -Dclassworlds.conf=/Applications/IntelliJ IDEA.app/Contents/plugins/maven/lib/maven3/bin/m2.conf -Dmaven.home=/Applications/IntelliJ IDEA.app/Contents/plugins/maven/lib/maven3 -Dmaven.multiModuleProjectDirectory=/Users/wanghaiyang/Desktop/Java/ProjectSpringMVC 
java_command: org.codehaus.plexus.classworlds.launcher.Launcher jetty:run
java_class_path (initial): /Applications/IntelliJ IDEA.app/Contents/plugins/maven/lib/maven3/boot/plexus-classworlds-2.5.2.jar
Launcher Type: SUN_STANDARD

Environment Variables:
JAVA_HOME=/Library/Java/JavaVirtualMachines/jdk1.8.0_45.jdk/Contents/Home/
CLASSPATH=./:/Library/Java/JavaVirtualMachines/jdk1.8.0_45.jdk/Contents/Home/lib/dt.jar:/Library/Java/JavaVirtualMachines/jdk1.8.0_45.jdk/Contents/Home/lib/tools.jar
PATH=/usr/local/bin:/usr/bin:/bin:/usr/sbin:/sbin:/opt/X11/bin:/Applications/XAMPP/bin:/Library/Java/JavaVirtualMachines/jdk1.8.0_45.jdk/Contents/Home/bin:/Library/Java/JavaVirtualMachines/jdk1.8.0_45.jdk/Contents/Home/jre/bin:/Users/wanghaiyang/Desktop/MyApp/Gradle/gradle-2.12/bin:/Users/wanghaiyang/Documents/scala-2.11.8/bin://Users/wanghaiyang/Documents/sbt-launcher-packaging-0.13.13/bin:/Users/wanghaiyang/Documents/hadoop-2.7.3/bin:/Users/wanghaiyang/Documents/hadoop-2.7.3/sbin:/user/local/protobuf/bin/:/Users/wanghaiyang/Documents/apache-ant-1.9.7/bin/:/usr/local/sbin:/usr/local/mysql/bin:/Applications/IntelliJ IDEA.app/Contents/plugins/maven/lib/maven3/bin
SHELL=/bin/bash
DISPLAY=/private/tmp/com.apple.launchd.VnDG61HYxl/org.macosforge.xquartz:0

Signal Handlers:
SIGSEGV: [libjvm.dylib+0x58ef95], sa_mask[0]=11111111011111110111111111111111, sa_flags=SA_ONSTACK|SA_RESTART|SA_SIGINFO
SIGBUS: [libjvm.dylib+0x58ef95], sa_mask[0]=11111111011111110111111111111111, sa_flags=SA_RESTART|SA_SIGINFO
SIGFPE: [libjvm.dylib+0x46c108], sa_mask[0]=11111111011111110111111111111111, sa_flags=SA_RESTART|SA_SIGINFO
SIGPIPE: [libjvm.dylib+0x46c108], sa_mask[0]=11111111011111110111111111111111, sa_flags=SA_RESTART|SA_SIGINFO
SIGXFSZ: [libjvm.dylib+0x46c108], sa_mask[0]=11111111011111110111111111111111, sa_flags=SA_RESTART|SA_SIGINFO
SIGILL: [libjvm.dylib+0x46c108], sa_mask[0]=11111111011111110111111111111111, sa_flags=SA_RESTART|SA_SIGINFO
SIGUSR1: SIG_DFL, sa_mask[0]=11011111011111100000000111000110, sa_flags=none
SIGUSR2: [libjvm.dylib+0x46bc26], sa_mask[0]=00100000000000000000000000000000, sa_flags=SA_RESTART|SA_SIGINFO
SIGHUP: [libjvm.dylib+0x46a1f9], sa_mask[0]=11111111011111110111111111111111, sa_flags=SA_RESTART|SA_SIGINFO
SIGINT: [libjvm.dylib+0x46a1f9], sa_mask[0]=11111111011111110111111111111111, sa_flags=SA_RESTART|SA_SIGINFO
SIGTERM: [libjvm.dylib+0x46a1f9], sa_mask[0]=11111111011111110111111111111111, sa_flags=SA_RESTART|SA_SIGINFO
SIGQUIT: [libjvm.dylib+0x46a1f9], sa_mask[0]=11111111011111110111111111111111, sa_flags=SA_RESTART|SA_SIGINFO


---------------  S Y S T E M  ---------------

OS:Bsduname:Darwin 17.7.0 Darwin Kernel Version 17.7.0: Thu Jun 21 22:53:14 PDT 2018; root:xnu-4570.71.2~1/RELEASE_X86_64 x86_64
rlimit: STACK 8192k, CORE 0k, NPROC 709, NOFILE 10240, AS infinity
load average:6.42 3.47 2.87

CPU:total 4 (2 cores per cpu, 2 threads per core) family 6 model 61 stepping 4, cmov, cx8, fxsr, mmx, sse, sse2, sse3, ssse3, sse4.1, sse4.2, popcnt, avx, avx2, aes, clmul, erms, 3dnowpref, lzcnt, ht, tsc, tscinvbit, bmi1, bmi2, adx

Memory: 4k page, physical 8388608k(54208k free)

/proc/meminfo:


vm_info: Java HotSpot(TM) 64-Bit Server VM (25.45-b02) for bsd-amd64 JRE (1.8.0_45-b14), built on Apr 10 2015 10:46:38 by "java_re" with gcc 4.2.1 (Based on Apple Inc. build 5658) (LLVM build 2336.11.00)

time: Mon Aug 19 22:45:16 2019
elapsed time: 7 seconds (0d 0h 0m 7s)

